Traceback (most recent call last):
  File "/home/mora/jupyter-book-env/lib/python3.12/site-packages/jupyter_cache/executors/utils.py", line 58, in single_nb_execution
    executenb(
  File "/home/mora/jupyter-book-env/lib/python3.12/site-packages/nbclient/client.py", line 1305, in execute
    return NotebookClient(nb=nb, resources=resources, km=km, **kwargs).execute()
           ^^^^^^^^^^^^^^^^^^^^^^^^^^^^^^^^^^^^^^^^^^^^^^^^^^^^^^^^^^^^^^^^^^^^^
  File "/home/mora/jupyter-book-env/lib/python3.12/site-packages/jupyter_core/utils/__init__.py", line 165, in wrapped
    return loop.run_until_complete(inner)
           ^^^^^^^^^^^^^^^^^^^^^^^^^^^^^^
  File "/usr/lib/python3.12/asyncio/base_events.py", line 687, in run_until_complete
    return future.result()
           ^^^^^^^^^^^^^^^
  File "/home/mora/jupyter-book-env/lib/python3.12/site-packages/nbclient/client.py", line 705, in async_execute
    await self.async_execute_cell(
  File "/home/mora/jupyter-book-env/lib/python3.12/site-packages/nbclient/client.py", line 1058, in async_execute_cell
    await self._check_raise_for_error(cell, cell_index, exec_reply)
  File "/home/mora/jupyter-book-env/lib/python3.12/site-packages/nbclient/client.py", line 914, in _check_raise_for_error
    raise CellExecutionError.from_cell_and_msg(cell, exec_reply_content)
nbclient.exceptions.CellExecutionError: An error occurred while executing the following cell:
------------------
import sys

#sys.path.append('/Users/joachim/texjs/lva/IntroSC/ASC-ODE/build/mechsystem')
sys.path.append('../build/mechsystem')

from mass_spring import *

from pythreejs import *
------------------


[31m---------------------------------------------------------------------------[39m
[31mModuleNotFoundError[39m                       Traceback (most recent call last)
[36mCell[39m[36m [39m[32mIn[1][39m[32m, line 6[39m
[32m      3[39m [38;5;66;03m#sys.path.append('/Users/joachim/texjs/lva/IntroSC/ASC-ODE/build/mechsystem')[39;00m
[32m      4[39m sys.path.append([33m'[39m[33m../build/mechsystem[39m[33m'[39m)
[32m----> [39m[32m6[39m [38;5;28;01mfrom[39;00m[38;5;250m [39m[34;01mmass_spring[39;00m[38;5;250m [39m[38;5;28;01mimport[39;00m *
[32m      8[39m [38;5;28;01mfrom[39;00m[38;5;250m [39m[34;01mpythreejs[39;00m[38;5;250m [39m[38;5;28;01mimport[39;00m *

[31mModuleNotFoundError[39m: No module named 'mass_spring'

